#
# A fatal error has been detected by the Java Runtime Environment:
#
#  Internal Error (constantPoolOop.cpp:91), pid=605, tid=36867
#  guarantee(error != (Symbol*)NULL) failed: tag mismatch with resolution error table
#
# JRE version: 7.0_21-b12
# Java VM: Java HotSpot(TM) 64-Bit Server VM (23.21-b01 mixed mode bsd-amd64 compressed oops)
# Failed to write core dump. Core dumps have been disabled. To enable core dumping, try "ulimit -c unlimited" before starting Java again
#
# If you would like to submit a bug report, please visit:
#   http://bugreport.sun.com/bugreport/crash.jsp
#

---------------  T H R E A D  ---------------

Current thread (0x00007fe57c102800):  JavaThread "http-8080-2" daemon [_thread_in_vm, id=36867, stack(0x000000011529d000,0x000000011539d000)]

Stack: [0x000000011529d000,0x000000011539d000],  sp=0x000000011539bb20,  free space=1018k
Native frames: (J=compiled Java code, j=interpreted, Vv=VM code, C=native code)
V  [libjvm.dylib+0x4a4907]
V  [libjvm.dylib+0x1b247b]
V  [libjvm.dylib+0x1aed4d]
V  [libjvm.dylib+0x285411]
j  MessageReceiver.<init>()V+62
j  ReceiverController.doGet(Ljavax/servlet/http/HttpServletRequest;Ljavax/servlet/http/HttpServletResponse;)V+12
j  javax.servlet.http.HttpServlet.service(Ljavax/servlet/http/HttpServletRequest;Ljavax/servlet/http/HttpServletResponse;)V+35
j  javax.servlet.http.HttpServlet.service(Ljavax/servlet/ServletRequest;Ljavax/servlet/ServletResponse;)V+30
j  org.apache.catalina.core.ApplicationFilterChain.internalDoFilter(Ljavax/servlet/ServletRequest;Ljavax/servlet/ServletResponse;)V+376
j  org.apache.catalina.core.ApplicationFilterChain.doFilter(Ljavax/servlet/ServletRequest;Ljavax/servlet/ServletResponse;)V+101
j  org.apache.catalina.core.StandardWrapperValve.invoke(Lorg/apache/catalina/connector/Request;Lorg/apache/catalina/connector/Response;)V+804
j  org.apache.catalina.core.StandardContextValve.invoke(Lorg/apache/catalina/connector/Request;Lorg/apache/catalina/connector/Response;)V+365
j  org.apache.catalina.core.StandardHostValve.invoke(Lorg/apache/catalina/connector/Request;Lorg/apache/catalina/connector/Response;)V+64
j  org.apache.catalina.valves.ErrorReportValve.invoke(Lorg/apache/catalina/connector/Request;Lorg/apache/catalina/connector/Response;)V+6
j  org.apache.catalina.core.StandardEngineValve.invoke(Lorg/apache/catalina/connector/Request;Lorg/apache/catalina/connector/Response;)V+42
j  org.apache.catalina.connector.CoyoteAdapter.service(Lorg/apache/coyote/Request;Lorg/apache/coyote/Response;)V+158
j  org.apache.coyote.http11.Http11Processor.process(Ljava/net/Socket;)V+468
j  org.apache.coyote.http11.Http11Protocol$Http11ConnectionHandler.process(Ljava/net/Socket;)Z+82
j  org.apache.tomcat.util.net.JIoEndpoint$Worker.run()V+41
j  java.lang.Thread.run()V+11
v  ~StubRoutines::call_stub
V  [libjvm.dylib+0x288abb]
V  [libjvm.dylib+0x288f98]
V  [libjvm.dylib+0x2890d2]
V  [libjvm.dylib+0x2bfa4c]
V  [libjvm.dylib+0x479af4]
V  [libjvm.dylib+0x47afda]
V  [libjvm.dylib+0x3b688d]
C  [libsystem_pthread.dylib+0x1899]  _pthread_body+0x8a
C  [libsystem_pthread.dylib+0x172a]  _pthread_struct_init+0x0
C  [libsystem_pthread.dylib+0x5fc9]  thread_start+0xd

Java frames: (J=compiled Java code, j=interpreted, Vv=VM code)
j  MessageReceiver.<init>()V+62
j  ReceiverController.doGet(Ljavax/servlet/http/HttpServletRequest;Ljavax/servlet/http/HttpServletResponse;)V+12
j  javax.servlet.http.HttpServlet.service(Ljavax/servlet/http/HttpServletRequest;Ljavax/servlet/http/HttpServletResponse;)V+35
j  javax.servlet.http.HttpServlet.service(Ljavax/servlet/ServletRequest;Ljavax/servlet/ServletResponse;)V+30
j  org.apache.catalina.core.ApplicationFilterChain.internalDoFilter(Ljavax/servlet/ServletRequest;Ljavax/servlet/ServletResponse;)V+376
j  org.apache.catalina.core.ApplicationFilterChain.doFilter(Ljavax/servlet/ServletRequest;Ljavax/servlet/ServletResponse;)V+101
j  org.apache.catalina.core.StandardWrapperValve.invoke(Lorg/apache/catalina/connector/Request;Lorg/apache/catalina/connector/Response;)V+804
j  org.apache.catalina.core.StandardContextValve.invoke(Lorg/apache/catalina/connector/Request;Lorg/apache/catalina/connector/Response;)V+365
j  org.apache.catalina.core.StandardHostValve.invoke(Lorg/apache/catalina/connector/Request;Lorg/apache/catalina/connector/Response;)V+64
j  org.apache.catalina.valves.ErrorReportValve.invoke(Lorg/apache/catalina/connector/Request;Lorg/apache/catalina/connector/Response;)V+6
j  org.apache.catalina.core.StandardEngineValve.invoke(Lorg/apache/catalina/connector/Request;Lorg/apache/catalina/connector/Response;)V+42
j  org.apache.catalina.connector.CoyoteAdapter.service(Lorg/apache/coyote/Request;Lorg/apache/coyote/Response;)V+158
j  org.apache.coyote.http11.Http11Processor.process(Ljava/net/Socket;)V+468
j  org.apache.coyote.http11.Http11Protocol$Http11ConnectionHandler.process(Ljava/net/Socket;)Z+82
j  org.apache.tomcat.util.net.JIoEndpoint$Worker.run()V+41
j  java.lang.Thread.run()V+11
v  ~StubRoutines::call_stub

---------------  P R O C E S S  ---------------

Java Threads: ( => current thread )
  0x00007fe57d012800 JavaThread "ActiveMQ Session Task-1" [_thread_blocked, id=40963, stack(0x0000000115ab5000,0x0000000115bb5000)]
  0x00007fe57d2d0000 JavaThread "ActiveMQ Task-2" daemon [_thread_blocked, id=40707, stack(0x00000001159b2000,0x0000000115ab2000)]
  0x00007fe57d2cf800 JavaThread "ActiveMQ Transport: tcp://localhost/127.0.0.1:61616@51125" [_thread_in_native, id=40451, stack(0x00000001158af000,0x00000001159af000)]
  0x00007fe57d011800 JavaThread "ActiveMQ Task-1" daemon [_thread_blocked, id=40195, stack(0x00000001155a6000,0x00000001156a6000)]
  0x00007fe57c100000 JavaThread "ActiveMQ InactivityMonitor Worker" daemon [_thread_blocked, id=39939, stack(0x00000001153a0000,0x00000001154a0000)]
  0x00007fe57c902000 JavaThread "ActiveMQ InactivityMonitor WriteCheckTimer" daemon [_thread_blocked, id=38147, stack(0x00000001157ac000,0x00000001158ac000)]
  0x00007fe57c901800 JavaThread "ActiveMQ InactivityMonitor ReadCheckTimer" daemon [_thread_blocked, id=37891, stack(0x00000001156a9000,0x00000001157a9000)]
  0x00007fe57d0d9000 JavaThread "ActiveMQ Transport: tcp://localhost/127.0.0.1:61616@51109" [_thread_in_native, id=37379, stack(0x00000001154a3000,0x00000001155a3000)]
=>0x00007fe57c102800 JavaThread "http-8080-2" daemon [_thread_in_vm, id=36867, stack(0x000000011529d000,0x000000011539d000)]
  0x00007fe57d0f4000 JavaThread "http-8080-1" daemon [_thread_in_native, id=12299, stack(0x00000001139e6000,0x0000000113ae6000)]
  0x00007fe57ca5a000 JavaThread "http-8080-Acceptor-0" daemon [_thread_in_native, id=23043, stack(0x000000011519a000,0x000000011529a000)]
  0x00007fe57c4ce800 JavaThread "ContainerBackgroundProcessor[StandardEngine[localEngine]]" daemon [_thread_blocked, id=22787, stack(0x0000000115097000,0x0000000115197000)]
  0x00007fe57c39c000 JavaThread "resolver-4" daemon [_thread_blocked, id=17667, stack(0x0000000114f94000,0x0000000115094000)]
  0x00007fe57c2d3000 JavaThread "resolver-3" daemon [_thread_blocked, id=17411, stack(0x0000000114e91000,0x0000000114f91000)]
  0x00007fe57e229000 JavaThread "resolver-2" daemon [_thread_blocked, id=17155, stack(0x0000000114bcc000,0x0000000114ccc000)]
  0x00007fe57e316800 JavaThread "resolver-1" daemon [_thread_blocked, id=16899, stack(0x0000000114ac9000,0x0000000114bc9000)]
  0x00007fe57e026000 JavaThread "Service Thread" daemon [_thread_blocked, id=16131, stack(0x0000000114105000,0x0000000114205000)]
  0x00007fe57d001800 JavaThread "C2 CompilerThread1" daemon [_thread_blocked, id=15875, stack(0x0000000114002000,0x0000000114102000)]
  0x00007fe57e801800 JavaThread "C2 CompilerThread0" daemon [_thread_blocked, id=15619, stack(0x0000000113eff000,0x0000000113fff000)]
  0x00007fe57e801000 JavaThread "JDWP Command Reader" daemon [_thread_in_native, id=15363, stack(0x0000000113dfc000,0x0000000113efc000)]
  0x00007fe57d004000 JavaThread "JDWP Event Helper Thread" daemon [_thread_blocked, id=15107, stack(0x0000000113cf9000,0x0000000113df9000)]
  0x00007fe57e800000 JavaThread "JDWP Transport Listener: dt_socket" daemon [_thread_blocked, id=14851, stack(0x0000000113bf6000,0x0000000113cf6000)]
  0x00007fe57e00c000 JavaThread "Signal Dispatcher" daemon [_thread_blocked, id=14595, stack(0x0000000113aed000,0x0000000113bed000)]
  0x00007fe57c054800 JavaThread "Finalizer" daemon [_thread_blocked, id=9731, stack(0x00000001138aa000,0x00000001139aa000)]
  0x00007fe57c054000 JavaThread "Reference Handler" daemon [_thread_blocked, id=9475, stack(0x00000001137a7000,0x00000001138a7000)]
  0x00007fe57c003800 JavaThread "main" [_thread_blocked, id=5891, stack(0x000000010e61b000,0x000000010e71b000)]

Other Threads:
  0x00007fe57c051800 VMThread [stack: 0x00000001136a4000,0x00000001137a4000] [id=9219]
  0x00007fe57e01e800 WatcherThread [stack: 0x0000000114208000,0x0000000114308000] [id=16387]

VM state:synchronizing (normal execution)

VM Mutex/Monitor currently owned by a thread:  ([mutex/lock_event])
[0x00007fe57b501e10] Threads_lock - owner thread: 0x00007fe57c051800

Heap
 def new generation   total 8192K, used 3580K [0x00000007ee800000, 0x00000007ef0e0000, 0x00000007f2a00000)
  eden space 7296K,  40% used [0x00000007ee800000, 0x00000007eeae3680, 0x00000007eef20000)
  from space 896K,  69% used [0x00000007eef20000, 0x00000007eefbbd18, 0x00000007ef000000)
  to   space 896K,   0% used [0x00000007ef000000, 0x00000007ef000000, 0x00000007ef0e0000)
 tenured generation   total 18156K, used 15580K [0x00000007f2a00000, 0x00000007f3bbb000, 0x00000007fae00000)
   the space 18156K,  85% used [0x00000007f2a00000, 0x00000007f3937378, 0x00000007f3937400, 0x00000007f3bbb000)
 compacting perm gen  total 25088K, used 24886K [0x00000007fae00000, 0x00000007fc680000, 0x0000000800000000)
   the space 25088K,  99% used [0x00000007fae00000, 0x00000007fc64db90, 0x00000007fc64dc00, 0x00000007fc680000)
No shared spaces configured.

Card table byte_map: [0x0000000113369000,0x00000001133f6000] byte_map_base: 0x000000010f3f5000

Polling page: 0x000000010e75a000

Code Cache  [0x00000001102a9000, 0x0000000110519000, 0x00000001132a9000)
 total_blobs=930 nmethods=612 adapters=277 free_code_cache=46987Kb largest_free_block=48047552

Compilation events (10 events):
Event: 222.353 Thread 0x00007fe57d001800  654             sun.misc.ASCIICaseInsensitiveComparator::toLower (16 bytes)
Event: 222.353 Thread 0x00007fe57e801800  655             sun.misc.ASCIICaseInsensitiveComparator::isUpper (18 bytes)
Event: 222.354 Thread 0x00007fe57e801800 nmethod 655 0x00000001104bf8d0 code [0x00000001104bfa00, 0x00000001104bfa58]
Event: 222.354 Thread 0x00007fe57d001800 nmethod 654 0x000000011038f050 code [0x000000011038f180, 0x000000011038f1d8]
Event: 222.376 Thread 0x00007fe57d001800  656             java.util.concurrent.locks.ReentrantLock$Sync::tryRelease (45 bytes)
Event: 222.377 Thread 0x00007fe57d001800 nmethod 656 0x000000011038ed90 code [0x000000011038eec0, 0x000000011038ef78]
Event: 1496.125 Thread 0x00007fe57e801800  657   !         org.apache.catalina.loader.WebappClassLoader::closeJARs (118 bytes)
Event: 1496.130 Thread 0x00007fe57e801800 nmethod 657 0x000000011031a490 code [0x000000011031a5e0, 0x000000011031aa18]
Event: 2666.229 Thread 0x00007fe57d001800  658             java.util.AbstractCollection::toArray (116 bytes)
Event: 2666.234 Thread 0x00007fe57d001800 nmethod 658 0x0000000110319c10 code [0x0000000110319da0, 0x000000011031a158]

GC Heap History (10 events):
Event: 5.253 GC heap before
{Heap before GC invocations=66 (full 3):
 def new generation   total 8192K, used 8116K [0x00000007ee800000, 0x00000007ef0e0000, 0x00000007f2a00000)
  eden space 7296K, 100% used [0x00000007ee800000, 0x00000007eef20000, 0x00000007eef20000)
  from space 896K,  91% used [0x00000007ef000000, 0x00000007ef0cd078, 0x00000007ef0e0000)
  to   space 896K,   0% used [0x00000007eef20000, 0x00000007eef20000, 0x00000007ef000000)
 tenured generation   total 18156K, used 13538K [0x00000007f2a00000, 0x00000007f3bbb000, 0x00000007fae00000)
   the space 18156K,  74% used [0x00000007f2a00000, 0x00000007f3738af8, 0x00000007f3738c00, 0x00000007f3bbb000)
 compacting perm gen  total 21568K, used 21393K [0x00000007fae00000, 0x00000007fc310000, 0x0000000800000000)
   the space 21568K,  99% used [0x00000007fae00000, 0x00000007fc2e45a8, 0x00000007fc2e4600, 0x00000007fc310000)
No shared spaces configured.
Event: 5.256 GC heap after
Heap after GC invocations=67 (full 3):
 def new generation   total 8192K, used 229K [0x00000007ee800000, 0x00000007ef0e0000, 0x00000007f2a00000)
  eden space 7296K,   0% used [0x00000007ee800000, 0x00000007ee800000, 0x00000007eef20000)
  from space 896K,  25% used [0x00000007eef20000, 0x00000007eef595e8, 0x00000007ef000000)
  to   space 896K,   0% used [0x00000007ef000000, 0x00000007ef000000, 0x00000007ef0e0000)
 tenured generation   total 18156K, used 14060K [0x00000007f2a00000, 0x00000007f3bbb000, 0x00000007fae00000)
   the space 18156K,  77% used [0x00000007f2a00000, 0x00000007f37bb0e0, 0x00000007f37bb200, 0x00000007f3bbb000)
 compacting perm gen  total 21568K, used 21393K [0x00000007fae00000, 0x00000007fc310000, 0x0000000800000000)
   the space 21568K,  99% used [0x00000007fae00000, 0x00000007fc2e45a8, 0x00000007fc2e4600, 0x00000007fc310000)
No shared spaces configured.
}
Event: 15.300 GC heap before
{Heap before GC invocations=67 (full 3):
 def new generation   total 8192K, used 7525K [0x00000007ee800000, 0x00000007ef0e0000, 0x00000007f2a00000)
  eden space 7296K, 100% used [0x00000007ee800000, 0x00000007eef20000, 0x00000007eef20000)
  from space 896K,  25% used [0x00000007eef20000, 0x00000007eef595e8, 0x00000007ef000000)
  to   space 896K,   0% used [0x00000007ef000000, 0x00000007ef000000, 0x00000007ef0e0000)
 tenured generation   total 18156K, used 14060K [0x00000007f2a00000, 0x00000007f3bbb000, 0x00000007fae00000)
   the space 18156K,  77% used [0x00000007f2a00000, 0x00000007f37bb0e0, 0x00000007f37bb200, 0x00000007f3bbb000)
 compacting perm gen  total 22528K, used 22426K [0x00000007fae00000, 0x00000007fc400000, 0x0000000800000000)
   the space 22528K,  99% used [0x00000007fae00000, 0x00000007fc3e6aa0, 0x00000007fc3e6c00, 0x00000007fc400000)
No shared spaces configured.
Event: 15.304 GC heap after
Heap after GC invocations=68 (full 3):
 def new generation   total 8192K, used 895K [0x00000007ee800000, 0x00000007ef0e0000, 0x00000007f2a00000)
  eden space 7296K,   0% used [0x00000007ee800000, 0x00000007ee800000, 0x00000007eef20000)
  from space 896K,  99% used [0x00000007ef000000, 0x00000007ef0dfff0, 0x00000007ef0e0000)
  to   space 896K,   0% used [0x00000007eef20000, 0x00000007eef20000, 0x00000007ef000000)
 tenured generation   total 18156K, used 14283K [0x00000007f2a00000, 0x00000007f3bbb000, 0x00000007fae00000)
   the space 18156K,  78% used [0x00000007f2a00000, 0x00000007f37f2cf0, 0x00000007f37f2e00, 0x00000007f3bbb000)
 compacting perm gen  total 22528K, used 22426K [0x00000007fae00000, 0x00000007fc400000, 0x0000000800000000)
   the space 22528K,  99% used [0x00000007fae00000, 0x00000007fc3e6aa0, 0x00000007fc3e6c00, 0x00000007fc400000)
No shared spaces configured.
}
Event: 16.364 GC heap before
{Heap before GC invocations=68 (full 3):
 def new generation   total 8192K, used 8191K [0x00000007ee800000, 0x00000007ef0e0000, 0x00000007f2a00000)
  eden space 7296K, 100% used [0x00000007ee800000, 0x00000007eef20000, 0x00000007eef20000)
  from space 896K,  99% used [0x00000007ef000000, 0x00000007ef0dfff0, 0x00000007ef0e0000)
  to   space 896K,   0% used [0x00000007eef20000, 0x00000007eef20000, 0x00000007ef000000)
 tenured generation   total 18156K, used 14283K [0x00000007f2a00000, 0x00000007f3bbb000, 0x00000007fae00000)
   the space 18156K,  78% used [0x00000007f2a00000, 0x00000007f37f2cf0, 0x00000007f37f2e00, 0x00000007f3bbb000)
 compacting perm gen  total 22848K, used 22761K [0x00000007fae00000, 0x00000007fc450000, 0x0000000800000000)
   the space 22848K,  99% used [0x00000007fae00000, 0x00000007fc43a490, 0x00000007fc43a600, 0x00000007fc450000)
No shared spaces configured.
Event: 16.368 GC heap after
Heap after GC invocations=69 (full 3):
 def new generation   total 8192K, used 620K [0x00000007ee800000, 0x00000007ef0e0000, 0x00000007f2a00000)
  eden space 7296K,   0% used [0x00000007ee800000, 0x00000007ee800000, 0x00000007eef20000)
  from space 896K,  69% used [0x00000007eef20000, 0x00000007eefbb3f0, 0x00000007ef000000)
  to   space 896K,   0% used [0x00000007ef000000, 0x00000007ef000000, 0x00000007ef0e0000)
 tenured generation   total 18156K, used 14787K [0x00000007f2a00000, 0x00000007f3bbb000, 0x00000007fae00000)
   the space 18156K,  81% used [0x00000007f2a00000, 0x00000007f3870f10, 0x00000007f3871000, 0x00000007f3bbb000)
 compacting perm gen  total 22848K, used 22761K [0x00000007fae00000, 0x00000007fc450000, 0x0000000800000000)
   the space 22848K,  99% used [0x00000007fae00000, 0x00000007fc43a490, 0x00000007fc43a600, 0x00000007fc450000)
No shared spaces configured.
}
Event: 16.596 GC heap before
{Heap before GC invocations=69 (full 3):
 def new generation   total 8192K, used 7916K [0x00000007ee800000, 0x00000007ef0e0000, 0x00000007f2a00000)
  eden space 7296K, 100% used [0x00000007ee800000, 0x00000007eef20000, 0x00000007eef20000)
  from space 896K,  69% used [0x00000007eef20000, 0x00000007eefbb3f0, 0x00000007ef000000)
  to   space 896K,   0% used [0x00000007ef000000, 0x00000007ef000000, 0x00000007ef0e0000)
 tenured generation   total 18156K, used 14787K [0x00000007f2a00000, 0x00000007f3bbb000, 0x00000007fae00000)
   the space 18156K,  81% used [0x00000007f2a00000, 0x00000007f3870f10, 0x00000007f3871000, 0x00000007f3bbb000)
 compacting perm gen  total 24768K, used 24562K [0x00000007fae00000, 0x00000007fc630000, 0x0000000800000000)
   the space 24768K,  99% used [0x00000007fae00000, 0x00000007fc5fc9e8, 0x00000007fc5fca00, 0x00000007fc630000)
No shared spaces configured.
Event: 16.600 GC heap after
Heap after GC invocations=70 (full 3):
 def new generation   total 8192K, used 895K [0x00000007ee800000, 0x00000007ef0e0000, 0x00000007f2a00000)
  eden space 7296K,   0% used [0x00000007ee800000, 0x00000007ee800000, 0x00000007eef20000)
  from space 896K,  99% used [0x00000007ef000000, 0x00000007ef0dfff8, 0x00000007ef0e0000)
  to   space 896K,   0% used [0x00000007eef20000, 0x00000007eef20000, 0x00000007ef000000)
 tenured generation   total 18156K, used 15396K [0x00000007f2a00000, 0x00000007f3bbb000, 0x00000007fae00000)
   the space 18156K,  84% used [0x00000007f2a00000, 0x00000007f3909090, 0x00000007f3909200, 0x00000007f3bbb000)
 compacting perm gen  total 24768K, used 24562K [0x00000007fae00000, 0x00000007fc630000, 0x0000000800000000)
   the space 24768K,  99% used [0x00000007fae00000, 0x00000007fc5fc9e8, 0x00000007fc5fca00, 0x00000007fc630000)
No shared spaces configured.
}
Event: 228.390 GC heap before
{Heap before GC invocations=70 (full 3):
 def new generation   total 8192K, used 8191K [0x00000007ee800000, 0x00000007ef0e0000, 0x00000007f2a00000)
  eden space 7296K, 100% used [0x00000007ee800000, 0x00000007eef20000, 0x00000007eef20000)
  from space 896K,  99% used [0x00000007ef000000, 0x00000007ef0dfff8, 0x00000007ef0e0000)
  to   space 896K,   0% used [0x00000007eef20000, 0x00000007eef20000, 0x00000007ef000000)
 tenured generation   total 18156K, used 15396K [0x00000007f2a00000, 0x00000007f3bbb000, 0x00000007fae00000)
   the space 18156K,  84% used [0x00000007f2a00000, 0x00000007f3909090, 0x00000007f3909200, 0x00000007f3bbb000)
 compacting perm gen  total 25088K, used 24783K [0x00000007fae00000, 0x00000007fc680000, 0x0000000800000000)
   the space 25088K,  98% used [0x00000007fae00000, 0x00000007fc633f70, 0x00000007fc634000, 0x00000007fc680000)
No shared spaces configured.
Event: 228.394 GC heap after
Heap after GC invocations=71 (full 3):
 def new generation   total 8192K, used 623K [0x00000007ee800000, 0x00000007ef0e0000, 0x00000007f2a00000)
  eden space 7296K,   0% used [0x00000007ee800000, 0x00000007ee800000, 0x00000007eef20000)
  from space 896K,  69% used [0x00000007eef20000, 0x00000007eefbbd18, 0x00000007ef000000)
  to   space 896K,   0% used [0x00000007ef000000, 0x00000007ef000000, 0x00000007ef0e0000)
 tenured generation   total 18156K, used 15580K [0x00000007f2a00000, 0x00000007f3bbb000, 0x00000007fae00000)
   the space 18156K,  85% used [0x00000007f2a00000, 0x00000007f3937378, 0x00000007f3937400, 0x00000007f3bbb000)
 compacting perm gen  total 25088K, used 24783K [0x00000007fae00000, 0x00000007fc680000, 0x0000000800000000)
   the space 25088K,  98% used [0x00000007fae00000, 0x00000007fc633f70, 0x00000007fc634000, 0x00000007fc680000)
No shared spaces configured.
}

Deoptimization events (10 events):
Event: 16.560 Thread 0x00007fe57d0f4000 Uncommon trap -34 fr.pc 0x00000001104698a4
Event: 16.560 Thread 0x00007fe57d0f4000 Uncommon trap -34 fr.pc 0x00000001104698a4
Event: 16.568 Thread 0x00007fe57d0f4000 Uncommon trap -34 fr.pc 0x00000001104698a4
Event: 16.568 Thread 0x00007fe57d0f4000 Uncommon trap -34 fr.pc 0x00000001104698a4
Event: 2676.230 Thread 0x00007fe57c4ce800 Uncommon trap -42 fr.pc 0x000000011031a018
Event: 2676.231 Thread 0x00007fe57c4ce800 Uncommon trap -42 fr.pc 0x000000011031a018
Event: 2676.231 Thread 0x00007fe57c4ce800 Uncommon trap -42 fr.pc 0x000000011031a018
Event: 2686.232 Thread 0x00007fe57c4ce800 Uncommon trap -42 fr.pc 0x000000011031a018
Event: 3899.182 Thread 0x00007fe57d0f4000 Uncommon trap -83 fr.pc 0x0000000110451d60
Event: 3999.172 Thread 0x00007fe57c4ce800 Uncommon trap -83 fr.pc 0x000000011031a7e0

Internal exceptions (10 events):
Event: 1650.923 Thread 0x00007fe57d0f4000 Threw 0x00000007ee96af90 at /HUDSON/workspace/jdk7u21-2-build-macosx-amd64-product/jdk7u21/hotspot/src/share/vm/prims/jni.cpp:742
Event: 3883.687 Thread 0x00007fe57e800000 Threw 0x00000007ee81e7f8 at /HUDSON/workspace/jdk7u21-2-build-macosx-amd64-product/jdk7u21/hotspot/src/share/vm/prims/jvm.cpp:1166
Event: 3883.687 Thread 0x00007fe57e800000 Threw 0x00000007ee81ed08 at /HUDSON/workspace/jdk7u21-2-build-macosx-amd64-product/jdk7u21/hotspot/src/share/vm/prims/jvm.cpp:1166
Event: 3899.179 Thread 0x00007fe57d0f4000 Threw 0x00000007ee9722d0 at /HUDSON/workspace/jdk7u21-2-build-macosx-amd64-product/jdk7u21/hotspot/src/share/vm/prims/jvm.cpp:1166
Event: 3899.180 Thread 0x00007fe57d0f4000 Threw 0x00000007eea36788 at /HUDSON/workspace/jdk7u21-2-build-macosx-amd64-product/jdk7u21/hotspot/src/share/vm/prims/jvm.cpp:1166
Event: 3899.180 Thread 0x00007fe57d0f4000 Threw 0x00000007eea3d360 at /HUDSON/workspace/jdk7u21-2-build-macosx-amd64-product/jdk7u21/hotspot/src/share/vm/prims/jvm.cpp:1166
Event: 3899.180 Thread 0x00007fe57d0f4000 Threw 0x00000007eea3e4c8 at /HUDSON/workspace/jdk7u21-2-build-macosx-amd64-product/jdk7u21/hotspot/src/share/vm/prims/jvm.cpp:1166
Event: 3899.180 Thread 0x00007fe57d0f4000 Threw 0x00000007eea3f4a8 at /HUDSON/workspace/jdk7u21-2-build-macosx-amd64-product/jdk7u21/hotspot/src/share/vm/prims/jvm.cpp:1166
Event: 3899.180 Thread 0x00007fe57d0f4000 Threw 0x00000007eea3f8e8 at /HUDSON/workspace/jdk7u21-2-build-macosx-amd64-product/jdk7u21/hotspot/src/share/vm/prims/jvm.cpp:1166
Event: 3899.180 Thread 0x00007fe57d0f4000 Threw 0x00000007eea3fcb0 at /HUDSON/workspace/jdk7u21-2-build-macosx-amd64-product/jdk7u21/hotspot/src/share/vm/classfile/systemDic

Events (10 events):
Event: 4048.388 Executing VM operation: RevokeBias done
Event: 4048.388 Executing VM operation: RevokeBias
Event: 4048.388 Executing VM operation: RevokeBias done
Event: 4048.388 Executing VM operation: RevokeBias
Event: 4048.388 Executing VM operation: RevokeBias done
Event: 4048.391 Executing VM operation: RevokeBias
Event: 4048.391 Executing VM operation: RevokeBias done
Event: 4048.391 Executing VM operation: RevokeBias
Event: 4048.391 Executing VM operation: RevokeBias done
Event: 4048.397 Thread 0x00007fe57d012800 Thread added: 0x00007fe57d012800


Dynamic libraries:
0x000000000607b000 	/System/Library/Frameworks/Cocoa.framework/Versions/A/Cocoa
0x000000000607b000 	/System/Library/Frameworks/Security.framework/Versions/A/Security
0x000000000607b000 	/System/Library/Frameworks/ApplicationServices.framework/Versions/A/ApplicationServices
0x000000000607b000 	/usr/lib/libz.1.dylib
0x000000000607b000 	/usr/lib/libSystem.B.dylib
0x000000000607b000 	/usr/lib/libobjc.A.dylib
0x000000000607b000 	/System/Library/Frameworks/CoreFoundation.framework/Versions/A/CoreFoundation
0x000000000607b000 	/System/Library/Frameworks/AppKit.framework/Versions/C/AppKit
0x000000000607b000 	/System/Library/Frameworks/CoreData.framework/Versions/A/CoreData
0x000000000607b000 	/System/Library/Frameworks/Foundation.framework/Versions/C/Foundation
0x000000000607b000 	/System/Library/PrivateFrameworks/RemoteViewServices.framework/Versions/A/RemoteViewServices
0x000000000607b000 	/System/Library/Frameworks/AudioToolbox.framework/Versions/A/AudioToolbox
0x000000000607b000 	/System/Library/Frameworks/AudioUnit.framework/Versions/A/AudioUnit
0x000000000607b000 	/System/Library/PrivateFrameworks/DataDetectorsCore.framework/Versions/A/DataDetectorsCore
0x000000000607b000 	/System/Library/PrivateFrameworks/DesktopServicesPriv.framework/Versions/A/DesktopServicesPriv
0x000000000607b000 	/System/Library/Frameworks/Carbon.framework/Versions/A/Frameworks/HIToolbox.framework/Versions/A/HIToolbox
0x000000000607b000 	/System/Library/Frameworks/QuartzCore.framework/Versions/A/QuartzCore
0x000000000607b000 	/System/Library/Frameworks/Carbon.framework/Versions/A/Frameworks/SpeechRecognition.framework/Versions/A/SpeechRecognition
0x000000000607b000 	/usr/lib/libauto.dylib
0x000000000607b000 	/usr/lib/libicucore.A.dylib
0x000000000607b000 	/usr/lib/libxml2.2.dylib
0x000000000607b000 	/System/Library/PrivateFrameworks/CoreUI.framework/Versions/A/CoreUI
0x000000000607b000 	/System/Library/Frameworks/CoreAudio.framework/Versions/A/CoreAudio
0x000000000607b000 	/System/Library/Frameworks/DiskArbitration.framework/Versions/A/DiskArbitration
0x000000000607b000 	/usr/lib/liblangid.dylib
0x000000000607b000 	/System/Library/PrivateFrameworks/MultitouchSupport.framework/Versions/A/MultitouchSupport
0x000000000607b000 	/System/Library/Frameworks/IOKit.framework/Versions/A/IOKit
0x000000000607b000 	/usr/lib/libDiagnosticMessagesClient.dylib
0x000000000607b000 	/System/Library/Frameworks/CoreServices.framework/Versions/A/CoreServices
0x000000000607b000 	/System/Library/PrivateFrameworks/PerformanceAnalysis.framework/Versions/A/PerformanceAnalysis
0x000000000607b000 	/System/Library/PrivateFrameworks/GenerationalStorage.framework/Versions/A/GenerationalStorage
0x000000000607b000 	/System/Library/Frameworks/OpenGL.framework/Versions/A/OpenGL
0x000000000607b000 	/System/Library/PrivateFrameworks/Sharing.framework/Versions/A/Sharing
0x000000000607b000 	/System/Library/Frameworks/ImageIO.framework/Versions/A/ImageIO
0x000000000607b000 	/System/Library/Frameworks/CoreText.framework/Versions/A/CoreText
0x000000000607b000 	/System/Library/Frameworks/CoreGraphics.framework/Versions/A/CoreGraphics
0x000000000607b000 	/System/Library/PrivateFrameworks/Backup.framework/Versions/A/Backup
0x000000000607b000 	/System/Library/Frameworks/CFNetwork.framework/Versions/A/CFNetwork
0x000000000607b000 	/System/Library/Frameworks/SystemConfiguration.framework/Versions/A/SystemConfiguration
0x000000000607b000 	/usr/lib/libCRFSuite.dylib
0x000000000607b000 	/usr/lib/libc++.1.dylib
0x000000000607b000 	/usr/lib/libc++abi.dylib
0x000000000607b000 	/usr/lib/system/libcache.dylib
0x000000000607b000 	/usr/lib/system/libcommonCrypto.dylib
0x000000000607b000 	/usr/lib/system/libcompiler_rt.dylib
0x000000000607b000 	/usr/lib/system/libcopyfile.dylib
0x000000000607b000 	/usr/lib/system/libcorecrypto.dylib
0x000000000607b000 	/usr/lib/system/libdispatch.dylib
0x000000000607b000 	/usr/lib/system/libdyld.dylib
0x000000000607b000 	/usr/lib/system/libkeymgr.dylib
0x000000000607b000 	/usr/lib/system/liblaunch.dylib
0x000000000607b000 	/usr/lib/system/libmacho.dylib
0x000000000607b000 	/usr/lib/system/libquarantine.dylib
0x000000000607b000 	/usr/lib/system/libremovefile.dylib
0x000000000607b000 	/usr/lib/system/libsystem_asl.dylib
0x000000000607b000 	/usr/lib/system/libsystem_blocks.dylib
0x000000000607b000 	/usr/lib/system/libsystem_c.dylib
0x000000000607b000 	/usr/lib/system/libsystem_configuration.dylib
0x000000000607b000 	/usr/lib/system/libsystem_dnssd.dylib
0x000000000607b000 	/usr/lib/system/libsystem_info.dylib
0x000000000607b000 	/usr/lib/system/libsystem_kernel.dylib
0x000000000607b000 	/usr/lib/system/libsystem_m.dylib
0x000000000607b000 	/usr/lib/system/libsystem_malloc.dylib
0x000000000607b000 	/usr/lib/system/libsystem_network.dylib
0x000000000607b000 	/usr/lib/system/libsystem_notify.dylib
0x000000000607b000 	/usr/lib/system/libsystem_platform.dylib
0x000000000607b000 	/usr/lib/system/libsystem_pthread.dylib
0x000000000607b000 	/usr/lib/system/libsystem_sandbox.dylib
0x000000000607b000 	/usr/lib/system/libsystem_stats.dylib
0x000000000607b000 	/usr/lib/system/libunc.dylib
0x000000000607b000 	/usr/lib/system/libunwind.dylib
0x000000000607b000 	/usr/lib/system/libxpc.dylib
0x000000000607b000 	/usr/lib/libbsm.0.dylib
0x000000000607b000 	/usr/lib/libsqlite3.dylib
0x000000000607b000 	/usr/lib/libxar.1.dylib
0x000000000607b000 	/usr/lib/libpam.2.dylib
0x000000000607b000 	/usr/lib/libOpenScriptingUtil.dylib
0x000000000607b000 	/usr/lib/libbz2.1.0.dylib
0x000000000607b000 	/System/Library/Frameworks/CoreServices.framework/Versions/A/Frameworks/CarbonCore.framework/Versions/A/CarbonCore
0x000000000607b000 	/System/Library/Frameworks/CoreServices.framework/Versions/A/Frameworks/Metadata.framework/Versions/A/Metadata
0x000000000607b000 	/System/Library/Frameworks/CoreServices.framework/Versions/A/Frameworks/OSServices.framework/Versions/A/OSServices
0x000000000607b000 	/System/Library/Frameworks/CoreServices.framework/Versions/A/Frameworks/SearchKit.framework/Versions/A/SearchKit
0x000000000607b000 	/System/Library/Frameworks/CoreServices.framework/Versions/A/Frameworks/AE.framework/Versions/A/AE
0x000000000607b000 	/System/Library/Frameworks/CoreServices.framework/Versions/A/Frameworks/LaunchServices.framework/Versions/A/LaunchServices
0x000000000607b000 	/System/Library/Frameworks/CoreServices.framework/Versions/A/Frameworks/DictionaryServices.framework/Versions/A/DictionaryServices
0x000000000607b000 	/System/Library/Frameworks/NetFS.framework/Versions/A/NetFS
0x000000000607b000 	/usr/lib/system/libkxld.dylib
0x000000000607b000 	/System/Library/PrivateFrameworks/NetAuth.framework/Versions/A/NetAuth
0x000000000607b000 	/System/Library/PrivateFrameworks/TCC.framework/Versions/A/TCC
0x000000000607b000 	/System/Library/Frameworks/OpenDirectory.framework/Versions/A/Frameworks/CFOpenDirectory.framework/Versions/A/CFOpenDirectory
0x000000000607b000 	/System/Library/Frameworks/ServiceManagement.framework/Versions/A/ServiceManagement
0x000000000607b000 	/usr/lib/libxslt.1.dylib
0x000000000607b000 	/System/Library/Frameworks/Carbon.framework/Versions/A/Frameworks/Ink.framework/Versions/A/Ink
0x000000000607b000 	/System/Library/Frameworks/ApplicationServices.framework/Versions/A/Frameworks/ATS.framework/Versions/A/ATS
0x000000000607b000 	/System/Library/Frameworks/ApplicationServices.framework/Versions/A/Frameworks/ColorSync.framework/Versions/A/ColorSync
0x000000000607b000 	/System/Library/Frameworks/ApplicationServices.framework/Versions/A/Frameworks/HIServices.framework/Versions/A/HIServices
0x000000000607b000 	/System/Library/Frameworks/ApplicationServices.framework/Versions/A/Frameworks/LangAnalysis.framework/Versions/A/LangAnalysis
0x000000000607b000 	/System/Library/Frameworks/ApplicationServices.framework/Versions/A/Frameworks/PrintCore.framework/Versions/A/PrintCore
0x000000000607b000 	/System/Library/Frameworks/ApplicationServices.framework/Versions/A/Frameworks/QD.framework/Versions/A/QD
0x000000000607b000 	/System/Library/Frameworks/ApplicationServices.framework/Versions/A/Frameworks/SpeechSynthesis.framework/Versions/A/SpeechSynthesis
0x000000000607b000 	/System/Library/Frameworks/IOSurface.framework/Versions/A/IOSurface
0x000000000607b000 	/System/Library/Frameworks/Accelerate.framework/Versions/A/Accelerate
0x000000000607b000 	/System/Library/Frameworks/Accelerate.framework/Versions/A/Frameworks/vImage.framework/Versions/A/vImage
0x000000000607b000 	/System/Library/Frameworks/Accelerate.framework/Versions/A/Frameworks/vecLib.framework/Versions/A/vecLib
0x000000000607b000 	/System/Library/Frameworks/Accelerate.framework/Versions/A/Frameworks/vecLib.framework/Versions/A/libvDSP.dylib
0x000000000607b000 	/System/Library/Frameworks/Accelerate.framework/Versions/A/Frameworks/vecLib.framework/Versions/A/libvMisc.dylib
0x000000000607b000 	/System/Library/Frameworks/Accelerate.framework/Versions/A/Frameworks/vecLib.framework/Versions/A/libLAPACK.dylib
0x000000000607b000 	/System/Library/Frameworks/Accelerate.framework/Versions/A/Frameworks/vecLib.framework/Versions/A/libBLAS.dylib
0x000000000607b000 	/System/Library/Frameworks/ApplicationServices.framework/Versions/A/Frameworks/ATS.framework/Versions/A/Resources/libFontParser.dylib
0x000000000607b000 	/System/Library/Frameworks/ApplicationServices.framework/Versions/A/Frameworks/ATS.framework/Versions/A/Resources/libFontRegistry.dylib
0x000000000607b000 	/System/Library/Frameworks/ImageIO.framework/Versions/A/Resources/libJPEG.dylib
0x000000000607b000 	/System/Library/Frameworks/ImageIO.framework/Versions/A/Resources/libTIFF.dylib
0x000000000607b000 	/System/Library/Frameworks/ImageIO.framework/Versions/A/Resources/libPng.dylib
0x000000000607b000 	/System/Library/Frameworks/ImageIO.framework/Versions/A/Resources/libGIF.dylib
0x000000000607b000 	/System/Library/Frameworks/ImageIO.framework/Versions/A/Resources/libJP2.dylib
0x000000000607b000 	/System/Library/Frameworks/ImageIO.framework/Versions/A/Resources/libRadiance.dylib
0x000000000607b000 	/usr/lib/libcups.2.dylib
0x000000000607b000 	/System/Library/Frameworks/Kerberos.framework/Versions/A/Kerberos
0x000000000607b000 	/System/Library/Frameworks/GSS.framework/Versions/A/GSS
0x000000000607b000 	/usr/lib/libresolv.9.dylib
0x000000000607b000 	/usr/lib/libiconv.2.dylib
0x000000000607b000 	/System/Library/PrivateFrameworks/Heimdal.framework/Versions/A/Heimdal
0x000000000607b000 	/System/Library/PrivateFrameworks/TrustEvaluationAgent.framework/Versions/A/TrustEvaluationAgent
0x000000000607b000 	/usr/lib/libheimdal-asn1.dylib
0x000000000607b000 	/System/Library/Frameworks/OpenDirectory.framework/Versions/A/OpenDirectory
0x000000000607b000 	/System/Library/PrivateFrameworks/CommonAuth.framework/Versions/A/CommonAuth
0x000000000607b000 	/System/Library/Frameworks/SecurityFoundation.framework/Versions/A/SecurityFoundation
0x000000000607b000 	/System/Library/PrivateFrameworks/Bom.framework/Versions/A/Bom
0x000000000607b000 	/System/Library/Frameworks/CoreVideo.framework/Versions/A/CoreVideo
0x000000000607b000 	/System/Library/Frameworks/QuartzCore.framework/Versions/A/Frameworks/CoreImage.framework/Versions/A/CoreImage
0x000000000607b000 	/System/Library/Frameworks/QuartzCore.framework/Versions/A/Frameworks/ScalableUserInterface.framework/Versions/A/ScalableUserInterface
0x000000000607b000 	/System/Library/Frameworks/OpenGL.framework/Versions/A/Libraries/libGLU.dylib
0x000000000607b000 	/System/Library/Frameworks/OpenGL.framework/Versions/A/Libraries/libGFXShared.dylib
0x000000000607b000 	/System/Library/Frameworks/OpenGL.framework/Versions/A/Libraries/libGL.dylib
0x000000000607b000 	/System/Library/Frameworks/OpenGL.framework/Versions/A/Libraries/libGLImage.dylib
0x000000000607b000 	/System/Library/Frameworks/OpenGL.framework/Versions/A/Libraries/libCVMSPluginSupport.dylib
0x000000000607b000 	/System/Library/Frameworks/OpenGL.framework/Versions/A/Libraries/libCoreVMClient.dylib
0x000000000607b000 	/System/Library/PrivateFrameworks/FaceCore.framework/Versions/A/FaceCore
0x000000000607b000 	/System/Library/PrivateFrameworks/CrashReporterSupport.framework/Versions/A/CrashReporterSupport
0x000000000607b000 	/System/Library/Frameworks/OpenCL.framework/Versions/A/OpenCL
0x000000000607b000 	/System/Library/PrivateFrameworks/AppleFSCompression.framework/Versions/A/AppleFSCompression
0x000000000607b000 	/System/Library/PrivateFrameworks/Ubiquity.framework/Versions/A/Ubiquity
0x000000000607b000 	/System/Library/PrivateFrameworks/IconServices.framework/Versions/A/IconServices
0x000000000607b000 	/System/Library/PrivateFrameworks/ChunkingLibrary.framework/Versions/A/ChunkingLibrary
0x000000000607b000 	/System/Library/PrivateFrameworks/CoreSymbolication.framework/Versions/A/CoreSymbolication
0x000000000607b000 	/System/Library/PrivateFrameworks/Symbolication.framework/Versions/A/Symbolication
0x000000000607b000 	/System/Library/PrivateFrameworks/DebugSymbols.framework/Versions/A/DebugSymbols
0x000000010f800000 	/Library/Java/JavaVirtualMachines/jdk1.7.0_21.jdk/Contents/Home/jre/lib/server/libjvm.dylib
0x000000000607b000 	/usr/lib/libstdc++.6.dylib
0x000000010e71d000 	/Library/Java/JavaVirtualMachines/jdk1.7.0_21.jdk/Contents/Home/jre/lib/libverify.dylib
0x000000010e72a000 	/Library/Java/JavaVirtualMachines/jdk1.7.0_21.jdk/Contents/Home/jre/lib/libjava.dylib
0x000000010e75b000 	/Library/Java/JavaVirtualMachines/jdk1.7.0_21.jdk/Contents/Home/jre/lib/libjdwp.dylib
0x000000010e798000 	/Library/Java/JavaVirtualMachines/jdk1.7.0_21.jdk/Contents/Home/jre/lib/./libnpt.dylib
0x000000010e7a5000 	/Library/Java/JavaVirtualMachines/jdk1.7.0_21.jdk/Contents/Home/jre/lib/libzip.dylib
0x00000001139ac000 	/System/Library/Frameworks/JavaVM.framework/Frameworks/JavaRuntimeSupport.framework/JavaRuntimeSupport
0x00000001139c4000 	/System/Library/Frameworks/JavaVM.framework/Versions/A/Frameworks/JavaNativeFoundation.framework/Versions/A/JavaNativeFoundation
0x000000010e7f2000 	/System/Library/Frameworks/JavaVM.framework/Versions/A/JavaVM
0x000000000607b000 	/System/Library/Frameworks/Carbon.framework/Versions/A/Carbon
0x00000001139d9000 	/System/Library/PrivateFrameworks/JavaLaunching.framework/Versions/A/JavaLaunching
0x000000000607b000 	/System/Library/Frameworks/Carbon.framework/Versions/A/Frameworks/CommonPanels.framework/Versions/A/CommonPanels
0x000000000607b000 	/System/Library/Frameworks/Carbon.framework/Versions/A/Frameworks/Help.framework/Versions/A/Help
0x000000000607b000 	/System/Library/Frameworks/Carbon.framework/Versions/A/Frameworks/ImageCapture.framework/Versions/A/ImageCapture
0x000000000607b000 	/System/Library/Frameworks/Carbon.framework/Versions/A/Frameworks/OpenScripting.framework/Versions/A/OpenScripting
0x000000000607b000 	/System/Library/Frameworks/Carbon.framework/Versions/A/Frameworks/Print.framework/Versions/A/Print
0x000000000607b000 	/System/Library/Frameworks/Carbon.framework/Versions/A/Frameworks/SecurityHI.framework/Versions/A/SecurityHI
0x0000000113bef000 	/Library/Java/JavaVirtualMachines/jdk1.7.0_21.jdk/Contents/Home/jre/lib/libdt_socket.dylib
0x00000001143ce000 	/Library/Java/JavaVirtualMachines/jdk1.7.0_21.jdk/Contents/Home/jre/lib/libnio.dylib
0x00000001143dd000 	/Library/Java/JavaVirtualMachines/jdk1.7.0_21.jdk/Contents/Home/jre/lib/./libnet.dylib
0x00000001145ec000 	/Library/Java/JavaVirtualMachines/jdk1.7.0_21.jdk/Contents/Home/jre/lib/libmanagement.dylib

VM Arguments:
jvm_args: -agentlib:jdwp=transport=dt_socket,address=127.0.0.1:50523,suspend=y,server=n -Dmaven.home=/usr/local/Cellar/maven/3.0.5/libexec -Dclassworlds.conf=/usr/local/Cellar/maven/3.0.5/libexec/bin/m2.conf -Dfile.encoding=UTF-8 
java_command: org.codehaus.classworlds.Launcher tomcat:run-war
Launcher Type: SUN_STANDARD

Environment Variables:
PATH=/usr/local/bin:/usr/local/bin:/bin:/usr/sbin:/sbin:/usr/bin:/node_modules/bin/n:/usr/sbin:/usr/local/git/bin
SHELL=/bin/bash

Signal Handlers:
SIGSEGV: [libjvm.dylib+0x4a4e2d], sa_mask[0]=0xfffefeff, sa_flags=0x00000042
SIGBUS: [libjvm.dylib+0x4a4e2d], sa_mask[0]=0xfffefeff, sa_flags=0x00000042
SIGFPE: [libjvm.dylib+0x3b4729], sa_mask[0]=0xfffefeff, sa_flags=0x00000042
SIGPIPE: [libjvm.dylib+0x3b4729], sa_mask[0]=0xfffefeff, sa_flags=0x00000042
SIGXFSZ: [libjvm.dylib+0x3b4729], sa_mask[0]=0xfffefeff, sa_flags=0x00000042
SIGILL: [libjvm.dylib+0x3b4729], sa_mask[0]=0xfffefeff, sa_flags=0x00000042
SIGUSR1: SIG_DFL, sa_mask[0]=0x00000000, sa_flags=0x00000002
SIGUSR2: [libjvm.dylib+0x3b42c2], sa_mask[0]=0x00000004, sa_flags=0x00000042
SIGHUP: [libjvm.dylib+0x3b2523], sa_mask[0]=0xfffefeff, sa_flags=0x00000042
SIGINT: [libjvm.dylib+0x3b2523], sa_mask[0]=0xfffefeff, sa_flags=0x00000042
SIGTERM: [libjvm.dylib+0x3b2523], sa_mask[0]=0xfffefeff, sa_flags=0x00000042
SIGQUIT: [libjvm.dylib+0x3b2523], sa_mask[0]=0xfffefeff, sa_flags=0x00000042


---------------  S Y S T E M  ---------------

OS:Bsduname:Darwin 13.0.0 Darwin Kernel Version 13.0.0: Thu Sep 19 22:22:27 PDT 2013; root:xnu-2422.1.72~6/RELEASE_X86_64 x86_64
rlimit: STACK 8192k, CORE 0k, NPROC 709, NOFILE 10240, AS infinity
load average:3.08 2.66 2.24

CPU:total 8 (4 cores per cpu, 2 threads per core) family 6 model 58 stepping 9, cmov, cx8, fxsr, mmx, sse, sse2, sse3, ssse3, sse4.1, sse4.2, popcnt, avx, ht, tsc, tscinvbit, tscinv

Memory: 4k page, physical 806516k(201629k free)

/proc/meminfo:


vm_info: Java HotSpot(TM) 64-Bit Server VM (23.21-b01) for bsd-amd64 JRE (1.7.0_21-b12), built on Apr  7 2013 14:55:50 by "java_re" with gcc 4.2.1 (Based on Apple Inc. build 5658) (LLVM build 2336.11.00)

time: Sun Mar  2 15:34:28 2014
elapsed time: 4048 seconds

